\BOOKMARK [1][-]{section.1}{\376\377\000Q\000u\000e\000s\000t\000i\000o\000n\000s}{}% 1
\BOOKMARK [2][-]{subsection.1.1}{\376\377\000Q\000u\000e\000s\000t\000i\000o\000n\000\040\0001}{section.1}% 2
\BOOKMARK [2][-]{subsection.1.2}{\376\377\000Q\000u\000e\000s\000t\000i\000o\000n\000\040\0002}{section.1}% 3
\BOOKMARK [3][-]{subsubsection.1.2.1}{\376\377\000P\000a\000r\000t\000\040\000A}{subsection.1.2}% 4
\BOOKMARK [3][-]{subsubsection.1.2.2}{\376\377\000P\000a\000r\000t\000\040\000B}{subsection.1.2}% 5
\BOOKMARK [3][-]{subsubsection.1.2.3}{\376\377\000P\000a\000r\000t\000\040\000C}{subsection.1.2}% 6
\BOOKMARK [2][-]{subsection.1.3}{\376\377\000Q\000u\000e\000s\000t\000i\000o\000n\000\040\0003}{section.1}% 7
\BOOKMARK [3][-]{subsubsection.1.3.1}{\376\377\000P\000a\000r\000t\000\040\000A}{subsection.1.3}% 8
\BOOKMARK [3][-]{subsubsection.1.3.2}{\376\377\000P\000a\000r\000t\000\040\000B}{subsection.1.3}% 9
\BOOKMARK [1][-]{section.2}{\376\377\000A\000p\000p\000e\000n\000d\000i\000x}{}% 10
\BOOKMARK [2][-]{subsection.2.1}{\376\377\000Q\000u\000e\000s\000t\000i\000o\000n\000\040\0002}{section.2}% 11
\BOOKMARK [3][-]{subsubsection.2.1.1}{\376\377\000S\000e\000t\000u\000p}{subsection.2.1}% 12
\BOOKMARK [3][-]{subsubsection.2.1.2}{\376\377\000S\000p\000l\000i\000t\000\040\000i\000n\000t\000o\000\040\000D\000i\000f\000f\000e\000r\000e\000n\000t\000\040\000S\000e\000t\000s}{subsection.2.1}% 13
\BOOKMARK [3][-]{subsubsection.2.1.3}{\376\377\000U\000s\000i\000n\000g\000\040\000K\000-\000f\000o\000l\000d\000\040\000C\000V\000\040\000f\000r\000o\000m\000\040\000s\000c\000r\000a\000t\000c\000h\000\040\000t\000o\000\040\000t\000u\000n\000e\000\040\000K\000e\000r\000n\000e\000l\000\040\000R\000i\000d\000g\000e\000\040\000R\000e\000g\000u\000l\000a\000r\000i\000z\000a\000t\000i\000o\000n}{subsection.2.1}% 14
\BOOKMARK [3][-]{subsubsection.2.1.4}{\376\377\000R\000e\000d\000o\000\040\000C\000V\000\040\000U\000s\000i\000n\000g\000\040\000s\000k\000l\000e\000a\000r\000n}{subsection.2.1}% 15
\BOOKMARK [3][-]{subsubsection.2.1.5}{\376\377\000R\000e\000d\000o\000\040\000t\000h\000e\000\040\000O\000L\000S\000\040\000a\000s\000\040\000i\000n\000\040\000H\000o\000m\000e\000w\000o\000r\000k\000\040\0001}{subsection.2.1}% 16
\BOOKMARK [2][-]{subsection.2.2}{\376\377\000Q\000u\000e\000s\000t\000i\000o\000n\000\040\0003}{section.2}% 17
\BOOKMARK [3][-]{subsubsection.2.2.1}{\376\377\000R\000e\000a\000d\000\040\000t\000h\000e\000\040\000D\000a\000t\000a}{subsection.2.2}% 18
\BOOKMARK [3][-]{subsubsection.2.2.2}{\376\377\000L\000o\000g\000i\000s\000t\000i\000c\000\040\000R\000e\000g\000r\000e\000s\000s\000i\000o\000n\000\040\000w\000i\000t\000h\000\040\000O\000v\000R}{subsection.2.2}% 19
\BOOKMARK [3][-]{subsubsection.2.2.3}{\376\377\000M\000u\000l\000t\000i\000n\000o\000m\000i\000a\000l\000\040\000R\000e\000g\000r\000e\000s\000s\000i\000o\000n}{subsection.2.2}% 20
\BOOKMARK [3][-]{subsubsection.2.2.4}{\376\377\000N\000a\000i\000v\000e\000\040\000B\000a\000y\000e\000s}{subsection.2.2}% 21
\BOOKMARK [3][-]{subsubsection.2.2.5}{\376\377\000L\000i\000n\000e\000a\000r\000\040\000D\000i\000s\000c\000r\000i\000m\000i\000n\000a\000n\000t\000\040\000A\000n\000a\000l\000y\000s\000i\000s}{subsection.2.2}% 22
\BOOKMARK [3][-]{subsubsection.2.2.6}{\376\377\000L\000i\000n\000e\000a\000r\000\040\000S\000V\000M}{subsection.2.2}% 23
\BOOKMARK [3][-]{subsubsection.2.2.7}{\376\377\000P\000l\000o\000t\000\040\000t\000h\000e\000\040\000C\000o\000n\000f\000u\000s\000i\000o\000n\000\040\000M\000a\000t\000r\000i\000x}{subsection.2.2}% 24
\BOOKMARK [3][-]{subsubsection.2.2.8}{\376\377\000G\000r\000o\000u\000p\000-\000L\000a\000s\000s\000o\000\040\000R\000e\000g\000u\000l\000a\000r\000i\000z\000e\000d\000\040\000M\000u\000l\000t\000i\000n\000o\000m\000i\000a\000l\000\040\000R\000e\000g\000r\000e\000s\000s\000i\000o\000n\000\040\000f\000o\000r\000\040\000F\000e\000a\000t\000u\000r\000e\000\040\000S\000e\000l\000e\000c\000t\000i\000o\000n}{subsection.2.2}% 25
